{"total": {"lines":{"total":58,"covered":58,"skipped":0,"pct":100},"statements":{"total":58,"covered":58,"skipped":0,"pct":100},"functions":{"total":30,"covered":30,"skipped":0,"pct":100},"branches":{"total":98,"covered":85,"skipped":0,"pct":86.73},"branchesTrue":{"total":0,"covered":0,"skipped":0,"pct":"Unknown"}}
,"<workspace>/packages/core/src/index.ts": {"lines":{"total":58,"covered":58,"skipped":0,"pct":100},"functions":{"total":30,"covered":30,"skipped":0,"pct":100},"statements":{"total":58,"covered":58,"skipped":0,"pct":100},"branches":{"total":98,"covered":85,"skipped":0,"pct":86.73}}
}
